This file contains any messages produced by compilers while
running configure, to aid debugging if configure makes a mistake.

It was created by cfitsio configure 4.5.0, which was
generated by GNU Autoconf 2.72.  Invocation command line was

  $ ./configure --prefix=/usr/local

## --------- ##
## Platform. ##
## --------- ##

hostname = declan-desktop
uname -m = aarch64
uname -r = 5.15.0-1071-raspi
uname -s = Linux
uname -v = #74-Ubuntu SMP PREEMPT Fri Jan 17 12:10:53 UTC 2025

/usr/bin/uname -p = aarch64
/bin/uname -X     = unknown

/bin/arch              = aarch64
/usr/bin/arch -k       = unknown
/usr/convex/getsysinfo = unknown
/usr/bin/hostinfo      = unknown
/bin/machine           = unknown
/usr/bin/oslevel       = unknown
/bin/universe          = unknown

PATH: /home/declan/.vscode-server/cli/servers/Stable-33fc5a94a3f99ebe7087e8fe79fbe1d37a251016/server/bin/remote-cli/
PATH: /home/declan/.local/bin/
PATH: /home/declan/.local/bin/
PATH: /usr/local/sbin/
PATH: /usr/local/bin/
PATH: /usr/sbin/
PATH: /usr/bin/
PATH: /sbin/
PATH: /bin/
PATH: /usr/games/
PATH: /usr/local/games/
PATH: /snap/bin/


## ----------- ##
## Core tests. ##
## ----------- ##

configure:2512: looking for aux files: compile ltmain.sh missing install-sh config.guess config.sub
configure:2525:  trying ./config/
configure:2554:   ./config/compile found
configure:2554:   ./config/ltmain.sh found
configure:2554:   ./config/missing found
configure:2536:   ./config/install-sh found
configure:2554:   ./config/config.guess found
configure:2554:   ./config/config.sub found
configure:2694: checking build system type
configure:2710: result: aarch64-unknown-linux-gnu
configure:2730: checking host system type
configure:2745: result: aarch64-unknown-linux-gnu
configure:2765: checking target system type
configure:2780: result: aarch64-unknown-linux-gnu
configure:2826: checking for a BSD-compatible install
configure:2900: result: /usr/bin/install -c
configure:2911: checking whether build environment is sane
configure:2966: result: yes
configure:3127: checking for a race-free mkdir -p
configure:3170: result: /usr/bin/mkdir -p
configure:3177: checking for gawk
configure:3213: result: no
configure:3177: checking for mawk
configure:3198: found /usr/bin/mawk
configure:3210: result: mawk
configure:3221: checking whether make sets $(MAKE)
configure:3245: result: yes
configure:3275: checking whether make supports nested variables
configure:3294: result: yes
configure:3478: checking how to print strings
configure:3505: result: printf
configure:3539: checking whether make supports the include directive
configure:3554: make -f confmf.GNU && cat confinc.out
this is the am__doit target
configure:3557: $? = 0
configure:3576: result: yes (GNU style)
configure:3653: checking for gcc
configure:3674: found /usr/bin/gcc
configure:3686: result: gcc
configure:4045: checking for C compiler version
configure:4054: gcc --version >&5
gcc (Ubuntu 11.4.0-1ubuntu1~22.04) 11.4.0
Copyright (C) 2021 Free Software Foundation, Inc.
This is free software; see the source for copying conditions.  There is NO
warranty; not even for MERCHANTABILITY or FITNESS FOR A PARTICULAR PURPOSE.

configure:4065: $? = 0
configure:4054: gcc -v >&5
Using built-in specs.
COLLECT_GCC=gcc
COLLECT_LTO_WRAPPER=/usr/lib/gcc/aarch64-linux-gnu/11/lto-wrapper
Target: aarch64-linux-gnu
Configured with: ../src/configure -v --with-pkgversion='Ubuntu 11.4.0-1ubuntu1~22.04' --with-bugurl=file:///usr/share/doc/gcc-11/README.Bugs --enable-languages=c,ada,c++,go,d,fortran,objc,obj-c++,m2 --prefix=/usr --with-gcc-major-version-only --program-suffix=-11 --program-prefix=aarch64-linux-gnu- --enable-shared --enable-linker-build-id --libexecdir=/usr/lib --without-included-gettext --enable-threads=posix --libdir=/usr/lib --enable-nls --enable-bootstrap --enable-clocale=gnu --enable-libstdcxx-debug --enable-libstdcxx-time=yes --with-default-libstdcxx-abi=new --enable-gnu-unique-object --disable-libquadmath --disable-libquadmath-support --enable-plugin --enable-default-pie --with-system-zlib --enable-libphobos-checking=release --with-target-system-zlib=auto --enable-objc-gc=auto --enable-multiarch --enable-fix-cortex-a53-843419 --disable-werror --enable-checking=release --build=aarch64-linux-gnu --host=aarch64-linux-gnu --target=aarch64-linux-gnu --with-build-config=bootstrap-lto-lean --enable-link-serialization=2
Thread model: posix
Supported LTO compression algorithms: zlib zstd
gcc version 11.4.0 (Ubuntu 11.4.0-1ubuntu1~22.04) 
configure:4065: $? = 0
configure:4054: gcc -V >&5
gcc: error: unrecognized command-line option '-V'
gcc: fatal error: no input files
compilation terminated.
configure:4065: $? = 1
configure:4054: gcc -qversion >&5
gcc: error: unrecognized command-line option '-qversion'; did you mean '--version'?
gcc: fatal error: no input files
compilation terminated.
configure:4065: $? = 1
configure:4054: gcc -version >&5
gcc: error: unrecognized command-line option '-version'
gcc: fatal error: no input files
compilation terminated.
configure:4065: $? = 1
configure:4085: checking whether the C compiler works
configure:4107: gcc    conftest.c  >&5
configure:4111: $? = 0
configure:4162: result: yes
configure:4166: checking for C compiler default output file name
configure:4168: result: a.out
configure:4174: checking for suffix of executables
configure:4181: gcc -o conftest    conftest.c  >&5
configure:4185: $? = 0
configure:4209: result: 
configure:4233: checking whether we are cross compiling
configure:4241: gcc -o conftest    conftest.c  >&5
configure:4245: $? = 0
configure:4252: ./conftest
configure:4256: $? = 0
configure:4271: result: no
configure:4277: checking for suffix of object files
configure:4300: gcc -c   conftest.c >&5
configure:4304: $? = 0
configure:4328: result: o
configure:4332: checking whether the compiler supports GNU C
configure:4352: gcc -c   conftest.c >&5
configure:4352: $? = 0
configure:4364: result: yes
configure:4375: checking whether gcc accepts -g
configure:4396: gcc -c -g  conftest.c >&5
configure:4396: $? = 0
configure:4443: result: yes
configure:4463: checking for gcc option to enable C11 features
configure:4478: gcc  -c -g -O2  conftest.c >&5
configure:4478: $? = 0
configure:4497: result: none needed
configure:4621: checking whether gcc understands -c and -o together
configure:4644: gcc -c conftest.c -o conftest2.o
configure:4647: $? = 0
configure:4644: gcc -c conftest.c -o conftest2.o
configure:4647: $? = 0
configure:4660: result: yes
configure:4679: checking dependency style of gcc
configure:4792: result: gcc3
configure:4807: checking for a sed that does not truncate output
configure:4879: result: /usr/bin/sed
configure:4897: checking for grep that handles long lines and -e
configure:4963: result: /usr/bin/grep
configure:4968: checking for egrep
configure:5038: result: /usr/bin/grep -E
configure:5045: checking for fgrep
configure:5115: result: /usr/bin/grep -F
configure:5152: checking for ld used by gcc
configure:5221: result: /usr/bin/ld
configure:5228: checking if the linker (/usr/bin/ld) is GNU ld
configure:5245: result: yes
configure:5257: checking for BSD- or MS-compatible name lister (nm)
configure:5313: result: /usr/bin/nm -B
configure:5455: checking the name lister (/usr/bin/nm -B) interface
configure:5463: gcc -c -g -O2  conftest.c >&5
configure:5466: /usr/bin/nm -B "conftest.o"
configure:5469: output
0000000000000000 B some_variable
configure:5477: result: BSD nm
configure:5480: checking whether ln -s works
configure:5484: result: yes
configure:5492: checking the maximum length of command line arguments
configure:5625: result: 1572864
configure:5673: checking how to convert aarch64-unknown-linux-gnu file names to aarch64-unknown-linux-gnu format
configure:5715: result: func_convert_file_noop
configure:5722: checking how to convert aarch64-unknown-linux-gnu file names to toolchain format
configure:5744: result: func_convert_file_noop
configure:5751: checking for /usr/bin/ld option to reload object files
configure:5760: result: -r
configure:5840: checking for file
configure:5861: found /usr/bin/file
configure:5873: result: file
configure:5950: checking for objdump
configure:5971: found /usr/bin/objdump
configure:5983: result: objdump
configure:6015: checking how to recognize dependent libraries
configure:6217: result: pass_all
configure:6308: checking for dlltool
configure:6344: result: no
configure:6374: checking how to associate runtime and link libraries
configure:6403: result: printf %s\n
configure:6470: checking for ar
configure:6491: found /usr/bin/ar
configure:6503: result: ar
configure:6556: checking for archiver @FILE support
configure:6574: gcc -c -g -O2  conftest.c >&5
configure:6574: $? = 0
configure:6578: ar cr libconftest.a @conftest.lst >&5
configure:6581: $? = 0
configure:6586: ar cr libconftest.a @conftest.lst >&5
ar: conftest.o: No such file or directory
configure:6589: $? = 1
configure:6602: result: @
configure:6666: checking for strip
configure:6687: found /usr/bin/strip
configure:6699: result: strip
configure:6777: checking for ranlib
configure:6798: found /usr/bin/ranlib
configure:6810: result: ranlib
configure:6912: checking command to parse /usr/bin/nm -B output from gcc object
configure:7066: gcc -c -g -O2  conftest.c >&5
configure:7069: $? = 0
configure:7073: /usr/bin/nm -B conftest.o \| /usr/bin/sed -n -e 's/^.*[ ]\([ABCDGIRSTW][ABCDGIRSTW]*\)[ ][ ]*\([_A-Za-z][_A-Za-z0-9]*\)$/\1 \2 \2/p' | /usr/bin/sed '/ __gnu_lto/d' \> conftest.nm
configure:7076: $? = 0
configure:7142: gcc -o conftest -g -O2   conftest.c conftstm.o >&5
configure:7145: $? = 0
configure:7184: result: ok
configure:7231: checking for sysroot
configure:7263: result: no
configure:7270: checking for a working dd
configure:7315: result: /usr/bin/dd
configure:7319: checking how to truncate binary pipes
configure:7336: result: /usr/bin/dd bs=4096 count=1
configure:7676: checking for mt
configure:7697: found /usr/bin/mt
configure:7709: result: mt
configure:7732: checking if mt is a manifest tool
configure:7739: mt '-?'
configure:7748: result: no
configure:8487: checking for stdio.h
configure:8487: gcc -c -g -O2  conftest.c >&5
configure:8487: $? = 0
configure:8487: result: yes
configure:8487: checking for stdlib.h
configure:8487: gcc -c -g -O2  conftest.c >&5
configure:8487: $? = 0
configure:8487: result: yes
configure:8487: checking for string.h
configure:8487: gcc -c -g -O2  conftest.c >&5
configure:8487: $? = 0
configure:8487: result: yes
configure:8487: checking for inttypes.h
configure:8487: gcc -c -g -O2  conftest.c >&5
configure:8487: $? = 0
configure:8487: result: yes
configure:8487: checking for stdint.h
configure:8487: gcc -c -g -O2  conftest.c >&5
configure:8487: $? = 0
configure:8487: result: yes
configure:8487: checking for strings.h
configure:8487: gcc -c -g -O2  conftest.c >&5
configure:8487: $? = 0
configure:8487: result: yes
configure:8487: checking for sys/stat.h
configure:8487: gcc -c -g -O2  conftest.c >&5
configure:8487: $? = 0
configure:8487: result: yes
configure:8487: checking for sys/types.h
configure:8487: gcc -c -g -O2  conftest.c >&5
configure:8487: $? = 0
configure:8487: result: yes
configure:8487: checking for unistd.h
configure:8487: gcc -c -g -O2  conftest.c >&5
configure:8487: $? = 0
configure:8487: result: yes
configure:8512: checking for dlfcn.h
configure:8512: gcc -c -g -O2  conftest.c >&5
configure:8512: $? = 0
configure:8512: result: yes
configure:8777: checking for objdir
configure:8794: result: .libs
configure:9060: checking if gcc supports -fno-rtti -fno-exceptions
configure:9079: gcc -c -g -O2  -fno-rtti -fno-exceptions conftest.c >&5
cc1: warning: command-line option '-fno-rtti' is valid for C++/D/ObjC++ but not for C
configure:9083: $? = 0
configure:9097: result: no
configure:9455: checking for gcc option to produce PIC
configure:9464: result: -fPIC -DPIC
configure:9472: checking if gcc PIC flag -fPIC -DPIC works
configure:9491: gcc -c -g -O2  -fPIC -DPIC -DPIC conftest.c >&5
configure:9495: $? = 0
configure:9509: result: yes
configure:9538: checking if gcc static flag -static works
configure:9568: result: yes
configure:9583: checking if gcc supports -c -o file.o
configure:9605: gcc -c -g -O2  -o out/conftest2.o conftest.c >&5
configure:9609: $? = 0
configure:9632: result: yes
configure:9640: checking if gcc supports -c -o file.o
configure:9689: result: yes
configure:9722: checking whether the gcc linker (/usr/bin/ld) supports shared libraries
configure:10995: result: yes
configure:11032: checking whether -lc should be explicitly linked in
configure:11041: gcc -c -g -O2  conftest.c >&5
configure:11044: $? = 0
configure:11059: gcc -shared  -fPIC -DPIC conftest.o  -v -Wl,-soname -Wl,conftest -o conftest 2\>\&1 \| /usr/bin/grep  -lc  \>/dev/null 2\>\&1
configure:11062: $? = 0
configure:11077: result: no
configure:11237: checking dynamic linker characteristics
configure:11819: gcc -o conftest -g -O2   -Wl,-rpath -Wl,/foo conftest.c  >&5
configure:11819: $? = 0
configure:12059: result: GNU/Linux ld.so
configure:12181: checking how to hardcode library paths into programs
configure:12206: result: immediate
configure:12806: checking whether stripping libraries is possible
configure:12815: result: yes
configure:12857: checking if libtool supports shared libraries
configure:12859: result: yes
configure:12862: checking whether to build shared libraries
configure:12887: result: yes
configure:12890: checking whether to build static libraries
configure:12894: result: yes
configure:12934: checking whether ln -s works
configure:12938: result: yes
configure:13698: checking for gcc
configure:13731: result: gcc
configure:14090: checking for C compiler version
configure:14099: gcc --version >&5
gcc (Ubuntu 11.4.0-1ubuntu1~22.04) 11.4.0
Copyright (C) 2021 Free Software Foundation, Inc.
This is free software; see the source for copying conditions.  There is NO
warranty; not even for MERCHANTABILITY or FITNESS FOR A PARTICULAR PURPOSE.

configure:14110: $? = 0
configure:14099: gcc -v >&5
Using built-in specs.
COLLECT_GCC=gcc
COLLECT_LTO_WRAPPER=/usr/lib/gcc/aarch64-linux-gnu/11/lto-wrapper
Target: aarch64-linux-gnu
Configured with: ../src/configure -v --with-pkgversion='Ubuntu 11.4.0-1ubuntu1~22.04' --with-bugurl=file:///usr/share/doc/gcc-11/README.Bugs --enable-languages=c,ada,c++,go,d,fortran,objc,obj-c++,m2 --prefix=/usr --with-gcc-major-version-only --program-suffix=-11 --program-prefix=aarch64-linux-gnu- --enable-shared --enable-linker-build-id --libexecdir=/usr/lib --without-included-gettext --enable-threads=posix --libdir=/usr/lib --enable-nls --enable-bootstrap --enable-clocale=gnu --enable-libstdcxx-debug --enable-libstdcxx-time=yes --with-default-libstdcxx-abi=new --enable-gnu-unique-object --disable-libquadmath --disable-libquadmath-support --enable-plugin --enable-default-pie --with-system-zlib --enable-libphobos-checking=release --with-target-system-zlib=auto --enable-objc-gc=auto --enable-multiarch --enable-fix-cortex-a53-843419 --disable-werror --enable-checking=release --build=aarch64-linux-gnu --host=aarch64-linux-gnu --target=aarch64-linux-gnu --with-build-config=bootstrap-lto-lean --enable-link-serialization=2
Thread model: posix
Supported LTO compression algorithms: zlib zstd
gcc version 11.4.0 (Ubuntu 11.4.0-1ubuntu1~22.04) 
configure:14110: $? = 0
configure:14099: gcc -V >&5
gcc: error: unrecognized command-line option '-V'
gcc: fatal error: no input files
compilation terminated.
configure:14110: $? = 1
configure:14099: gcc -qversion >&5
gcc: error: unrecognized command-line option '-qversion'; did you mean '--version'?
gcc: fatal error: no input files
compilation terminated.
configure:14110: $? = 1
configure:14099: gcc -version >&5
gcc: error: unrecognized command-line option '-version'
gcc: fatal error: no input files
compilation terminated.
configure:14110: $? = 1
configure:14114: checking whether the compiler supports GNU C
configure:14146: result: yes
configure:14157: checking whether gcc accepts -g
configure:14225: result: yes
configure:14245: checking for gcc option to enable C11 features
configure:14279: result: none needed
configure:14403: checking whether gcc understands -c and -o together
configure:14442: result: yes
configure:14461: checking dependency style of gcc
configure:14574: result: gcc3
configure:14841: cfitsio: == Adding Fortran wrappers
configure:14904: checking for g77
configure:14940: result: no
configure:14904: checking for xlf
configure:14940: result: no
configure:14904: checking for f77
configure:14925: found /usr/bin/f77
configure:14937: result: f77
configure:14963: checking for Fortran 77 compiler version
configure:14972: f77 --version >&5
GNU Fortran (Ubuntu 11.4.0-1ubuntu1~22.04) 11.4.0
Copyright (C) 2021 Free Software Foundation, Inc.
This is free software; see the source for copying conditions.  There is NO
warranty; not even for MERCHANTABILITY or FITNESS FOR A PARTICULAR PURPOSE.

configure:14983: $? = 0
configure:14972: f77 -v >&5
Using built-in specs.
COLLECT_GCC=f77
COLLECT_LTO_WRAPPER=/usr/lib/gcc/aarch64-linux-gnu/11/lto-wrapper
Target: aarch64-linux-gnu
Configured with: ../src/configure -v --with-pkgversion='Ubuntu 11.4.0-1ubuntu1~22.04' --with-bugurl=file:///usr/share/doc/gcc-11/README.Bugs --enable-languages=c,ada,c++,go,d,fortran,objc,obj-c++,m2 --prefix=/usr --with-gcc-major-version-only --program-suffix=-11 --program-prefix=aarch64-linux-gnu- --enable-shared --enable-linker-build-id --libexecdir=/usr/lib --without-included-gettext --enable-threads=posix --libdir=/usr/lib --enable-nls --enable-bootstrap --enable-clocale=gnu --enable-libstdcxx-debug --enable-libstdcxx-time=yes --with-default-libstdcxx-abi=new --enable-gnu-unique-object --disable-libquadmath --disable-libquadmath-support --enable-plugin --enable-default-pie --with-system-zlib --enable-libphobos-checking=release --with-target-system-zlib=auto --enable-objc-gc=auto --enable-multiarch --enable-fix-cortex-a53-843419 --disable-werror --enable-checking=release --build=aarch64-linux-gnu --host=aarch64-linux-gnu --target=aarch64-linux-gnu --with-build-config=bootstrap-lto-lean --enable-link-serialization=2
Thread model: posix
Supported LTO compression algorithms: zlib zstd
gcc version 11.4.0 (Ubuntu 11.4.0-1ubuntu1~22.04) 
configure:14983: $? = 0
configure:14972: f77 -V >&5
f77: error: unrecognized command-line option '-V'
f77: fatal error: no input files
compilation terminated.
configure:14983: $? = 1
configure:14972: f77 -qversion >&5
f77: error: unrecognized command-line option '-qversion'; did you mean '--version'?
f77: fatal error: no input files
compilation terminated.
configure:14983: $? = 1
configure:14992: checking whether the compiler supports GNU Fortran 77
configure:15006: f77 -c  conftest.F >&5
configure:15006: $? = 0
configure:15018: result: yes
configure:15026: checking whether f77 accepts -g
configure:15038: f77 -c -g conftest.f >&5
configure:15038: $? = 0
configure:15049: result: yes
configure:15178: checking if libtool supports shared libraries
configure:15180: result: yes
configure:15183: checking whether to build shared libraries
configure:15207: result: yes
configure:15210: checking whether to build static libraries
configure:15214: result: yes
configure:15566: checking for f77 option to produce PIC
configure:15575: result: -fPIC
configure:15583: checking if f77 PIC flag -fPIC works
configure:15602: f77 -c -g -O2 -fPIC conftest.f >&5
configure:15606: $? = 0
configure:15620: result: yes
configure:15643: checking if f77 static flag -static works
configure:15673: result: yes
configure:15685: checking if f77 supports -c -o file.o
configure:15707: f77 -c -g -O2 -o out/conftest2.o conftest.f >&5
configure:15711: $? = 0
configure:15734: result: yes
configure:15739: checking if f77 supports -c -o file.o
configure:15788: result: yes
configure:15818: checking whether the f77 linker (/usr/bin/ld) supports shared libraries
configure:17039: result: yes
configure:17182: checking dynamic linker characteristics
configure:17925: result: GNU/Linux ld.so
configure:17990: checking how to hardcode library paths into programs
configure:18015: result: immediate
configure:18065: cfitsio: == Adding wrapper support for GNU Fortran
configure:18085: checking for ar
configure:18119: result: ar
configure:18182: checking for ranlib
configure:18215: result: ranlib
configure:18241: checking for stdlib.h
configure:18241: result: yes
configure:18241: checking for string.h
configure:18241: result: yes
configure:18241: checking for math.h
configure:18241: gcc -c -g -O2  conftest.c >&5
configure:18241: $? = 0
configure:18241: result: yes
configure:18241: checking for limits.h
configure:18241: gcc -c -g -O2  conftest.c >&5
configure:18241: $? = 0
configure:18241: result: yes
configure:18265: gcc -c -g -O2  conftest.c >&5
configure:18265: $? = 0
configure:18522: checking for curl-config
configure:18561: result: no
configure:18589: WARNING: curl-config not found. Disabling curl support.
configure:18601: checking for inflateEnd in -lz
configure:18630: gcc -o conftest -g -O2 -Dg77Fortran   conftest.c -lz   >&5
configure:18630: $? = 0
configure:18642: result: yes
configure:18672: checking whether ftruncate works
configure:18688: gcc -o conftest -g -O2 -Dg77Fortran   conftest.c -lz  >&5
conftest.c: In function 'main':
conftest.c:36:1: warning: ignoring return value of 'ftruncate' declared with attribute 'warn_unused_result' [-Wunused-result]
   36 | ftruncate(0, 0);
      | ^~~~~~~~~~~~~~~
configure:18688: $? = 0
configure:18693: result: yes
configure:18708: checking whether long long is defined
configure:18724: gcc -c -g -O2 -Dg77Fortran  conftest.c >&5
configure:18724: $? = 0
configure:18729: result: yes
configure:18751: checking whether system V style IPC services are supported
configure:18772: gcc -o conftest -g -O2 -Dg77Fortran   conftest.c -lz  >&5
configure:18772: $? = 0
configure:18778: result: yes
configure:18795: checking whether flock_t is defined in sys/fcntl.h
configure:18811: gcc -c -g -O2 -Dg77Fortran  conftest.c >&5
conftest.c: In function 'main':
conftest.c:39:1: error: unknown type name 'flock_t'; did you mean 'float'?
   39 | flock_t filler;
      | ^~~~~~~
      | float
configure:18811: $? = 1
configure: failed program was:
| /* confdefs.h */
| #define PACKAGE_NAME "cfitsio"
| #define PACKAGE_TARNAME "cfitsio"
| #define PACKAGE_VERSION "4.5.0"
| #define PACKAGE_STRING "cfitsio 4.5.0"
| #define PACKAGE_BUGREPORT ""
| #define PACKAGE_URL ""
| #define PACKAGE "cfitsio"
| #define VERSION "4.5.0"
| #define HAVE_STDIO_H 1
| #define HAVE_STDLIB_H 1
| #define HAVE_STRING_H 1
| #define HAVE_INTTYPES_H 1
| #define HAVE_STDINT_H 1
| #define HAVE_STRINGS_H 1
| #define HAVE_SYS_STAT_H 1
| #define HAVE_SYS_TYPES_H 1
| #define HAVE_UNISTD_H 1
| #define STDC_HEADERS 1
| #define HAVE_DLFCN_H 1
| #define LT_OBJDIR ".libs/"
| #define HAVE_STDLIB_H 1
| #define HAVE_STRING_H 1
| #define HAVE_MATH_H 1
| #define HAVE_LIMITS_H 1
| #define _LARGEFILE_SOURCE 1
| #define _FILE_OFFSET_BITS 64
| #define HAVE_LIBZ 1
| #define HAVE_FTRUNCATE 1
| #define HAVE_LONGLONG 1
| #define HAVE_SHMEM_SERVICES 1
| /* end confdefs.h.  */
| #include <sys/fcntl.h>
| 
| int
| main (void)
| {
| 
| flock_t filler;
| 
|   ;
|   return 0;
| }
configure:18820: result: no
configure:18827: checking whether flock_t is defined in sys/flock.h
configure:18843: gcc -c -g -O2 -Dg77Fortran  conftest.c >&5
conftest.c:33:10: fatal error: sys/flock.h: No such file or directory
   33 | #include <sys/flock.h>
      |          ^~~~~~~~~~~~~
compilation terminated.
configure:18843: $? = 1
configure: failed program was:
| /* confdefs.h */
| #define PACKAGE_NAME "cfitsio"
| #define PACKAGE_TARNAME "cfitsio"
| #define PACKAGE_VERSION "4.5.0"
| #define PACKAGE_STRING "cfitsio 4.5.0"
| #define PACKAGE_BUGREPORT ""
| #define PACKAGE_URL ""
| #define PACKAGE "cfitsio"
| #define VERSION "4.5.0"
| #define HAVE_STDIO_H 1
| #define HAVE_STDLIB_H 1
| #define HAVE_STRING_H 1
| #define HAVE_INTTYPES_H 1
| #define HAVE_STDINT_H 1
| #define HAVE_STRINGS_H 1
| #define HAVE_SYS_STAT_H 1
| #define HAVE_SYS_TYPES_H 1
| #define HAVE_UNISTD_H 1
| #define STDC_HEADERS 1
| #define HAVE_DLFCN_H 1
| #define LT_OBJDIR ".libs/"
| #define HAVE_STDLIB_H 1
| #define HAVE_STRING_H 1
| #define HAVE_MATH_H 1
| #define HAVE_LIMITS_H 1
| #define _LARGEFILE_SOURCE 1
| #define _FILE_OFFSET_BITS 64
| #define HAVE_LIBZ 1
| #define HAVE_FTRUNCATE 1
| #define HAVE_LONGLONG 1
| #define HAVE_SHMEM_SERVICES 1
| /* end confdefs.h.  */
| #include <sys/flock.h>
| 
| int
| main (void)
| {
| 
|    flock_t filler;
| 
|   ;
|   return 0;
| }
configure:18852: result: no
configure:18925: checking whether union semun is defined
configure:18943: gcc -c -g -O2 -Dg77Fortran  conftest.c >&5
conftest.c: In function 'main':
conftest.c:41:13: error: storage size of 'filler' isn't known
   41 | union semun filler;
      |             ^~~~~~
configure:18943: $? = 1
configure: failed program was:
| /* confdefs.h */
| #define PACKAGE_NAME "cfitsio"
| #define PACKAGE_TARNAME "cfitsio"
| #define PACKAGE_VERSION "4.5.0"
| #define PACKAGE_STRING "cfitsio 4.5.0"
| #define PACKAGE_BUGREPORT ""
| #define PACKAGE_URL ""
| #define PACKAGE "cfitsio"
| #define VERSION "4.5.0"
| #define HAVE_STDIO_H 1
| #define HAVE_STDLIB_H 1
| #define HAVE_STRING_H 1
| #define HAVE_INTTYPES_H 1
| #define HAVE_STDINT_H 1
| #define HAVE_STRINGS_H 1
| #define HAVE_SYS_STAT_H 1
| #define HAVE_SYS_TYPES_H 1
| #define HAVE_UNISTD_H 1
| #define STDC_HEADERS 1
| #define HAVE_DLFCN_H 1
| #define LT_OBJDIR ".libs/"
| #define HAVE_STDLIB_H 1
| #define HAVE_STRING_H 1
| #define HAVE_MATH_H 1
| #define HAVE_LIMITS_H 1
| #define _LARGEFILE_SOURCE 1
| #define _FILE_OFFSET_BITS 64
| #define HAVE_LIBZ 1
| #define HAVE_FTRUNCATE 1
| #define HAVE_LONGLONG 1
| #define HAVE_SHMEM_SERVICES 1
| /* end confdefs.h.  */
| #include <sys/ipc.h>
| #include <sys/shm.h>
| #include <sys/sem.h>
| 
| int
| main (void)
| {
| 
| union semun filler;
| 
|   ;
|   return 0;
| }
configure:18952: result: no
configure:18962: checking for fmemopen
configure:18962: gcc -o conftest -g -O2 -Dg77Fortran   conftest.c -lz  >&5
configure:18962: $? = 0
configure:18962: result: yes
configure:18977: checking for library containing gethostbyname
configure:19013: gcc -o conftest -g -O2 -Dg77Fortran   conftest.c -lz  >&5
configure:19013: $? = 0
configure:19035: result: none required
configure:19047: checking for library containing connect
configure:19083: gcc -o conftest -g -O2 -Dg77Fortran   conftest.c -lz  >&5
configure:19083: $? = 0
configure:19105: result: none required
configure:19262: checking that generated files are newer than configure
configure:19268: result: done
configure:19307: creating ./config.status

## ---------------------- ##
## Running config.status. ##
## ---------------------- ##

This file was extended by cfitsio config.status 4.5.0, which was
generated by GNU Autoconf 2.72.  Invocation command line was

  CONFIG_FILES    = 
  CONFIG_HEADERS  = 
  CONFIG_LINKS    = 
  CONFIG_COMMANDS = 
  $ ./config.status 

on declan-desktop

config.status:1078: creating Makefile
config.status:1250: executing depfiles commands
config.status:1327: cd .       && sed -e '/# am--include-marker/d' Makefile         | make -f - am--depfiles
make: Nothing to be done for 'am--depfiles'.
config.status:1332: $? = 0
config.status:1250: executing libtool commands
configure:21623: checking that generated files are newer than configure
configure:21629: result: done
configure:21672: creating ./config.status

## ---------------------- ##
## Running config.status. ##
## ---------------------- ##

This file was extended by cfitsio config.status 4.5.0, which was
generated by GNU Autoconf 2.72.  Invocation command line was

  CONFIG_FILES    = 
  CONFIG_HEADERS  = 
  CONFIG_LINKS    = 
  CONFIG_COMMANDS = 
  $ ./config.status 

on declan-desktop

config.status:1080: creating Makefile
config.status:1080: creating cfitsio.pc
config.status:1252: executing depfiles commands
config.status:1329: cd .       && sed -e '/# am--include-marker/d' Makefile         | make -f - am--depfiles
make: Nothing to be done for 'am--depfiles'.
config.status:1334: $? = 0
config.status:1252: executing libtool commands
configure:23855: result: 
configure:23857: result:     Congratulations, Makefile update was successful.
configure:23859: result:     You may want to run make now.
configure:23861: result: 

## ---------------- ##
## Cache variables. ##
## ---------------- ##

ac_cv_build=aarch64-unknown-linux-gnu
ac_cv_c_compiler_gnu=yes
ac_cv_env_CC_set=
ac_cv_env_CC_value=
ac_cv_env_CFLAGS_set=
ac_cv_env_CFLAGS_value=
ac_cv_env_CPPFLAGS_set=
ac_cv_env_CPPFLAGS_value=
ac_cv_env_F77_set=
ac_cv_env_F77_value=
ac_cv_env_FFLAGS_set=
ac_cv_env_FFLAGS_value=
ac_cv_env_LDFLAGS_set=
ac_cv_env_LDFLAGS_value=
ac_cv_env_LIBS_set=
ac_cv_env_LIBS_value=
ac_cv_env_LT_SYS_LIBRARY_PATH_set=
ac_cv_env_LT_SYS_LIBRARY_PATH_value=
ac_cv_env_build_alias_set=
ac_cv_env_build_alias_value=
ac_cv_env_host_alias_set=
ac_cv_env_host_alias_value=
ac_cv_env_target_alias_set=
ac_cv_env_target_alias_value=
ac_cv_f77_compiler_gnu=yes
ac_cv_func_fmemopen=yes
ac_cv_header_dlfcn_h=yes
ac_cv_header_inttypes_h=yes
ac_cv_header_limits_h=yes
ac_cv_header_math_h=yes
ac_cv_header_stdint_h=yes
ac_cv_header_stdio_h=yes
ac_cv_header_stdlib_h=yes
ac_cv_header_string_h=yes
ac_cv_header_strings_h=yes
ac_cv_header_sys_stat_h=yes
ac_cv_header_sys_types_h=yes
ac_cv_header_unistd_h=yes
ac_cv_host=aarch64-unknown-linux-gnu
ac_cv_lib_z_inflateEnd=yes
ac_cv_objext=o
ac_cv_path_EGREP='/usr/bin/grep -E'
ac_cv_path_EGREP_TRADITIONAL='/usr/bin/grep -E'
ac_cv_path_FGREP='/usr/bin/grep -F'
ac_cv_path_GREP=/usr/bin/grep
ac_cv_path_SED=/usr/bin/sed
ac_cv_path_install='/usr/bin/install -c'
ac_cv_path_lt_DD=/usr/bin/dd
ac_cv_path_mkdir=/usr/bin/mkdir
ac_cv_prog_AR=ar
ac_cv_prog_AWK=mawk
ac_cv_prog_ac_ct_AR=ar
ac_cv_prog_ac_ct_CC=gcc
ac_cv_prog_ac_ct_F77=f77
ac_cv_prog_ac_ct_FILECMD=file
ac_cv_prog_ac_ct_MANIFEST_TOOL=mt
ac_cv_prog_ac_ct_OBJDUMP=objdump
ac_cv_prog_ac_ct_RANLIB=ranlib
ac_cv_prog_ac_ct_STRIP=strip
ac_cv_prog_cc_c11=
ac_cv_prog_cc_g=yes
ac_cv_prog_cc_stdc=
ac_cv_prog_f77_g=yes
ac_cv_prog_make_make_set=yes
ac_cv_search_connect='none required'
ac_cv_search_gethostbyname='none required'
ac_cv_target=aarch64-unknown-linux-gnu
am_cv_CC_dependencies_compiler_type=gcc3
am_cv_make_support_nested_variables=yes
am_cv_prog_cc_c_o=yes
lt_cv_ar_at_file=@
lt_cv_archive_cmds_need_lc=no
lt_cv_deplibs_check_method=pass_all
lt_cv_file_magic_cmd='$MAGIC_CMD'
lt_cv_file_magic_test_file=
lt_cv_ld_reload_flag=-r
lt_cv_nm_interface='BSD nm'
lt_cv_objdir=.libs
lt_cv_path_LD=/usr/bin/ld
lt_cv_path_NM='/usr/bin/nm -B'
lt_cv_path_mainfest_tool=no
lt_cv_prog_compiler_c_o=yes
lt_cv_prog_compiler_c_o_F77=yes
lt_cv_prog_compiler_pic='-fPIC -DPIC'
lt_cv_prog_compiler_pic_F77=-fPIC
lt_cv_prog_compiler_pic_works=yes
lt_cv_prog_compiler_pic_works_F77=yes
lt_cv_prog_compiler_rtti_exceptions=no
lt_cv_prog_compiler_static_works=yes
lt_cv_prog_compiler_static_works_F77=yes
lt_cv_prog_gnu_ld=yes
lt_cv_sharedlib_from_linklib_cmd='printf %s\n'
lt_cv_shlibpath_overrides_runpath=yes
lt_cv_sys_global_symbol_pipe='/usr/bin/sed -n -e '\''s/^.*[	 ]\([ABCDGIRSTW][ABCDGIRSTW]*\)[	 ][	 ]*\([_A-Za-z][_A-Za-z0-9]*\)$/\1 \2 \2/p'\'' | /usr/bin/sed '\''/ __gnu_lto/d'\'''
lt_cv_sys_global_symbol_to_c_name_address='/usr/bin/sed -n -e '\''s/^: \(.*\) .*$/  {"\1", (void *) 0},/p'\'' -e '\''s/^[ABCDGIRSTW][ABCDGIRSTW]* .* \(.*\)$/  {"\1", (void *) \&\1},/p'\'''
lt_cv_sys_global_symbol_to_c_name_address_lib_prefix='/usr/bin/sed -n -e '\''s/^: \(.*\) .*$/  {"\1", (void *) 0},/p'\'' -e '\''s/^[ABCDGIRSTW][ABCDGIRSTW]* .* \(lib.*\)$/  {"\1", (void *) \&\1},/p'\'' -e '\''s/^[ABCDGIRSTW][ABCDGIRSTW]* .* \(.*\)$/  {"lib\1", (void *) \&\1},/p'\'''
lt_cv_sys_global_symbol_to_cdecl='/usr/bin/sed -n -e '\''s/^T .* \(.*\)$/extern int \1();/p'\'' -e '\''s/^[ABCDGIRSTW][ABCDGIRSTW]* .* \(.*\)$/extern char \1;/p'\'''
lt_cv_sys_global_symbol_to_import=
lt_cv_sys_max_cmd_len=1572864
lt_cv_to_host_file_cmd=func_convert_file_noop
lt_cv_to_tool_file_cmd=func_convert_file_noop
lt_cv_truncate_bin='/usr/bin/dd bs=4096 count=1'

## ----------------- ##
## Output variables. ##
## ----------------- ##

ACLOCAL='${SHELL} '\''/home/declan/RPI/zwo/dependencies/cfitsio-4.5.0/config/missing'\'' aclocal-1.16'
AMDEPBACKSLASH='\'
AMDEP_FALSE='#'
AMDEP_TRUE=''
AMTAR='$${TAR-tar}'
AM_BACKSLASH='\'
AM_DEFAULT_V='$(AM_DEFAULT_VERBOSITY)'
AM_DEFAULT_VERBOSITY='1'
AM_V='$(V)'
AR='ar'
ARCH='linux'
ARCHIVE='ar rv'
AUTOCONF='${SHELL} '\''/home/declan/RPI/zwo/dependencies/cfitsio-4.5.0/config/missing'\'' autoconf'
AUTOHEADER='${SHELL} '\''/home/declan/RPI/zwo/dependencies/cfitsio-4.5.0/config/missing'\'' autoheader'
AUTOMAKE='${SHELL} '\''/home/declan/RPI/zwo/dependencies/cfitsio-4.5.0/config/missing'\'' automake-1.16'
AWK='mawk'
CC='gcc'
CCDEPMODE='depmode=gcc3'
CFLAGS='-g -O2 -Dg77Fortran'
CPPFLAGS=''
CSCOPE='cscope'
CTAGS='ctags'
CURLCONFIG=''
CYGPATH_W='echo'
DEFS='-DPACKAGE_NAME=\"cfitsio\" -DPACKAGE_TARNAME=\"cfitsio\" -DPACKAGE_VERSION=\"4.5.0\" -DPACKAGE_STRING=\"cfitsio\ 4.5.0\" -DPACKAGE_BUGREPORT=\"\" -DPACKAGE_URL=\"\" -DPACKAGE=\"cfitsio\" -DVERSION=\"4.5.0\" -DHAVE_STDIO_H=1 -DHAVE_STDLIB_H=1 -DHAVE_STRING_H=1 -DHAVE_INTTYPES_H=1 -DHAVE_STDINT_H=1 -DHAVE_STRINGS_H=1 -DHAVE_SYS_STAT_H=1 -DHAVE_SYS_TYPES_H=1 -DHAVE_UNISTD_H=1 -DSTDC_HEADERS=1 -DHAVE_DLFCN_H=1 -DLT_OBJDIR=\".libs/\" -DHAVE_STDLIB_H=1 -DHAVE_STRING_H=1 -DHAVE_MATH_H=1 -DHAVE_LIMITS_H=1 -D_LARGEFILE_SOURCE=1 -D_FILE_OFFSET_BITS=64 -DHAVE_LIBZ=1 -DHAVE_FTRUNCATE=1 -DHAVE_LONGLONG=1 -DHAVE_SHMEM_SERVICES=1 -DHAVE_FMEMOPEN=1 -DHAVE_NET_SERVICES=1'
DEPDIR='.deps'
DLLTOOL='false'
DSYMUTIL=''
DUMPBIN=''
ECHO_C=''
ECHO_N='-n'
ECHO_T=''
EGREP='/usr/bin/grep -E'
ETAGS='etags'
EXEEXT=''
F77='f77'
FC=''
FFLAGS='-g -O2'
FGREP='/usr/bin/grep -F'
FILECMD='file'
GCCVERSION='11'
GREP='/usr/bin/grep'
INSTALL_DATA='${INSTALL} -m 644'
INSTALL_PROGRAM='${INSTALL}'
INSTALL_ROOT='${prefix}'
INSTALL_SCRIPT='${INSTALL}'
INSTALL_STRIP_PROGRAM='$(install_sh) -c -s'
LD='/usr/bin/ld'
LDFLAGS=''
LIBOBJS=''
LIBPRE=''
LIBS='-lz '
LIBS_CURL=''
LIBTOOL='$(SHELL) $(top_builddir)/libtool'
LIPO=''
LN_S='ln -s'
LTLIBOBJS=''
LT_SYS_LIBRARY_PATH=''
MAKEINFO='${SHELL} '\''/home/declan/RPI/zwo/dependencies/cfitsio-4.5.0/config/missing'\'' makeinfo'
MANIFEST_TOOL=':'
MKDIR_P='/usr/bin/mkdir -p'
NM='/usr/bin/nm -B'
NMEDIT=''
NOFORTRAN_FALSE=''
NOFORTRAN_TRUE='#'
NOGSIFTP_FALSE='#'
NOGSIFTP_TRUE=''
OBJDUMP='objdump'
OBJEXT='o'
OTOOL64=''
OTOOL=''
PACKAGE='cfitsio'
PACKAGE_BUGREPORT=''
PACKAGE_NAME='cfitsio'
PACKAGE_STRING='cfitsio 4.5.0'
PACKAGE_TARNAME='cfitsio'
PACKAGE_URL=''
PACKAGE_VERSION='4.5.0'
PATH_SEPARATOR=':'
RANLIB='ranlib'
SED='/usr/bin/sed'
SET_MAKE=''
SHELL='/bin/bash'
SSE_FLAGS=''
STRIP='strip'
VERSION='4.5.0'
ac_ct_AR='ar'
ac_ct_CC='gcc'
ac_ct_DUMPBIN=''
ac_ct_F77='f77'
am__EXEEXT_FALSE=''
am__EXEEXT_TRUE='#'
am__fastdepCC_FALSE='#'
am__fastdepCC_TRUE=''
am__include='include'
am__isrc=''
am__leading_dot='.'
am__nodep='_no'
am__quote=''
am__tar='$${TAR-tar} chof - "$$tardir"'
am__untar='$${TAR-tar} xf -'
bindir='${exec_prefix}/bin'
build='aarch64-unknown-linux-gnu'
build_alias=''
build_cpu='aarch64'
build_os='linux-gnu'
build_vendor='unknown'
datadir='${datarootdir}'
datarootdir='${prefix}/share'
docdir='${datarootdir}/doc/${PACKAGE_TARNAME}'
dvidir='${docdir}'
exec_prefix='${prefix}'
host='aarch64-unknown-linux-gnu'
host_alias=''
host_cpu='aarch64'
host_os='linux-gnu'
host_vendor='unknown'
htmldir='${docdir}'
includedir='${prefix}/include'
infodir='${datarootdir}/info'
install_sh='${SHELL} /home/declan/RPI/zwo/dependencies/cfitsio-4.5.0/config/install-sh'
libdir='${exec_prefix}/lib'
libexecdir='${exec_prefix}/libexec'
localedir='${datarootdir}/locale'
localstatedir='${prefix}/var'
mandir='${datarootdir}/man'
mkdir_p='$(MKDIR_P)'
my_shmem='${SOURCES_SHMEM}'
oldincludedir='/usr/include'
pdfdir='${docdir}'
prefix='/usr/local'
program_transform_name='s,x,x,'
psdir='${docdir}'
runstatedir='${localstatedir}/run'
sbindir='${exec_prefix}/sbin'
sharedstatedir='${prefix}/com'
sysconfdir='${prefix}/etc'
target='aarch64-unknown-linux-gnu'
target_alias=''
target_cpu='aarch64'
target_os='linux-gnu'
target_vendor='unknown'
version_info='10'

## ----------- ##
## confdefs.h. ##
## ----------- ##

/* confdefs.h */
#define PACKAGE_NAME "cfitsio"
#define PACKAGE_TARNAME "cfitsio"
#define PACKAGE_VERSION "4.5.0"
#define PACKAGE_STRING "cfitsio 4.5.0"
#define PACKAGE_BUGREPORT ""
#define PACKAGE_URL ""
#define PACKAGE "cfitsio"
#define VERSION "4.5.0"
#define HAVE_STDIO_H 1
#define HAVE_STDLIB_H 1
#define HAVE_STRING_H 1
#define HAVE_INTTYPES_H 1
#define HAVE_STDINT_H 1
#define HAVE_STRINGS_H 1
#define HAVE_SYS_STAT_H 1
#define HAVE_SYS_TYPES_H 1
#define HAVE_UNISTD_H 1
#define STDC_HEADERS 1
#define HAVE_DLFCN_H 1
#define LT_OBJDIR ".libs/"
#define HAVE_STDLIB_H 1
#define HAVE_STRING_H 1
#define HAVE_MATH_H 1
#define HAVE_LIMITS_H 1
#define _LARGEFILE_SOURCE 1
#define _FILE_OFFSET_BITS 64
#define HAVE_LIBZ 1
#define HAVE_FTRUNCATE 1
#define HAVE_LONGLONG 1
#define HAVE_SHMEM_SERVICES 1
#define HAVE_FMEMOPEN 1
#define HAVE_NET_SERVICES 1

configure: exit 0
